<?xml version="1.0" encoding="UTF-8"?>
<!-- Generated by org.testng.reporters.JUnitXMLReporter -->
<testsuite hostname="LAPTOP-GMETQ62M" ignored="5" name="Default test" tests="1" failures="0" timestamp="05 Oct 2019 07:10:08 GMT" time="15.063" errors="0">
  <testcase name="m6" time="3.169" classname="TestCases.TestcASE"/>
  <testcase name="m1" time="0.0" classname="TestCases.TestcASE">
    <ignored/>
  </testcase> <!-- m1 -->
  <testcase name="m3" time="0.0" classname="TestCases.TestcASE">
    <ignored/>
  </testcase> <!-- m3 -->
  <testcase name="m2" time="0.0" classname="TestCases.TestcASE">
    <ignored/>
  </testcase> <!-- m2 -->
  <testcase name="m5" time="0.0" classname="TestCases.TestcASE">
    <ignored/>
  </testcase> <!-- m5 -->
  <testcase name="m4" time="0.0" classname="TestCases.TestcASE">
    <ignored/>
  </testcase> <!-- m4 -->
</testsuite> <!-- Default test -->
