<?xml version="1.0" encoding="UTF-8"?>
<testng-results skipped="0" failed="0" ignored="5" total="6" passed="1">
  <reporter-output>
  </reporter-output>
  <suite name="Default suite" duration-ms="15063" started-at="2019-10-05T07:09:53Z" finished-at="2019-10-05T07:10:08Z">
    <groups>
    </groups>
    <test name="Default test" duration-ms="15063" started-at="2019-10-05T07:09:53Z" finished-at="2019-10-05T07:10:08Z">
      <class name="TestCases.TestcASE">
        <test-method status="PASS" signature="setUp()[pri:0, instance:TestCases.TestcASE@5034c75a]" name="setUp" is-config="true" duration-ms="10552" started-at="2019-10-05T12:39:53Z" finished-at="2019-10-05T12:40:03Z">
          <reporter-output>
          </reporter-output>
        </test-method> <!-- setUp -->
        <test-method status="PASS" signature="m6()[pri:0, instance:TestCases.TestcASE@5034c75a]" name="m6" duration-ms="3169" started-at="2019-10-05T12:40:03Z" finished-at="2019-10-05T12:40:06Z">
          <reporter-output>
          </reporter-output>
        </test-method> <!-- m6 -->
        <test-method status="PASS" signature="tearDown()[pri:0, instance:TestCases.TestcASE@5034c75a]" name="tearDown" is-config="true" duration-ms="1320" started-at="2019-10-05T12:40:06Z" finished-at="2019-10-05T12:40:08Z">
          <reporter-output>
          </reporter-output>
        </test-method> <!-- tearDown -->
      </class> <!-- TestCases.TestcASE -->
    </test> <!-- Default test -->
  </suite> <!-- Default suite -->
</testng-results>
